<?xml version="1.0" encoding="UTF-8"?>
<!-- Generated by org.testng.reporters.JUnitReportReporter -->
<testsuite hostname="DESKTOP-HIOUSGQ" failures="0" tests="10" name="FinalProject.FinalProject.AppTest" time="40.694" errors="0" timestamp="2025-06-23T18:51:58 EET" skipped="0">
  <testcase classname="FinalProject.FinalProject.AppTest" name="HomepageAccessibility" time="0.240"/>
  <testcase classname="FinalProject.FinalProject.AppTest" name="UserRegistrationProcess" time="8.420"/>
  <testcase classname="FinalProject.FinalProject.AppTest" name="UserLoginFunctionality" time="5.454"/>
  <testcase classname="FinalProject.FinalProject.AppTest" name="ProductSearchFunctionality" time="1.030"/>
  <testcase classname="FinalProject.FinalProject.AppTest" name="FilteringSearchResults" time="1.583"/>
  <testcase classname="FinalProject.FinalProject.AppTest" name="ViewingProductDetails" time="4.424"/>
  <testcase classname="FinalProject.FinalProject.AppTest" name="AddingProductsToCart" time="2.135"/>
  <testcase classname="FinalProject.FinalProject.AppTest" name="ViewingAndModifyingShoppingCart" time="1.873"/>
  <testcase classname="FinalProject.FinalProject.AppTest" name="ProceedingToCheckout" time="8.941"/>
  <testcase classname="FinalProject.FinalProject.AppTest" name="ContactFormSubmission" time="6.594"/>
</testsuite> <!-- FinalProject.FinalProject.AppTest -->
